app/manifest-merger-release-report.txt
-- Merging decision tree log ---
manifest
ADDED from AndroidManifest.xml:2:1
	xmlns:android
		ADDED from AndroidManifest.xml:2:11
	package
		ADDED from AndroidManifest.xml:3:5
		INJECTED from AndroidManifest.xml:0:0
		INJECTED from AndroidManifest.xml:0:0
	android:versionName
		ADDED from AndroidManifest.xml:5:5
	android:versionCode
		ADDED from AndroidManifest.xml:4:5
		INJECTED from AndroidManifest.xml:0:0
		INJECTED from AndroidManifest.xml:0:0
uses-sdk
ADDED from AndroidManifest.xml:7:5
MERGED from com.android.support:support-v4:21.0.3:15:5
MERGED from com.android.support:appcompat-v7:21.0.3:15:5
MERGED from com.android.support:support-v4:21.0.3:15:5
MERGED from com.astuetz:pagerslidingtabstrip:1.0.1:2:5
MERGED from com.android.support:support-v4:21.0.3:15:5
MERGED from se.emilsjolander:stickylistheaders:2.5.1:7:5
MERGED from de.hdodenhof:circleimageview:1.2.0:5:5
MERGED from com.github.rampo.updatechecker:library:2.1.4:7:5
MERGED from com.android.support:support-v4:21.0.3:15:5
MERGED from com.daimajia.swipelayout:library:1.1.7:6:5
MERGED from com.melnykov:floatingactionbutton:1.1.0:8:5
MERGED from com.android.support:recyclerview-v7:21.0.0:15:5
MERGED from com.android.support:support-v4:21.0.3:15:5
MERGED from pl.droidsonroids.gif:android-gif-drawable:1.1.0:6:5
MERGED from com.github.chrisbanes.photoview:library:1.2.3:2:5
MERGED from com.android.support:support-v4:21.0.3:15:5
MERGED from com.android.support:support-v13:21.0.3:15:5
MERGED from com.android.support:support-v4:21.0.3:15:5
MERGED from com.ms-square:etsyblur:0.1.0:5:5
MERGED from com.android.support:appcompat-v7:21.0.3:15:5
MERGED from com.android.support:support-v4:21.0.3:15:5
MERGED from com.davemorrissey.labs:subsampling-scale-image-view:2.4.0:7:5
MERGED from com.github.lzyzsd:circleprogress:1.1.0:7:5
MERGED from com.android.support:cardview-v7:22.0.0:20:5
MERGED from it.neokree:MaterialNavigationDrawer:1.3.2:8:5
MERGED from com.balysv:material-ripple:1.0.1:8:5
MERGED from com.android.support:appcompat-v7:21.0.3:15:5
MERGED from com.android.support:support-v4:21.0.3:15:5
	android:targetSdkVersion
		ADDED from AndroidManifest.xml:9:9
	android:minSdkVersion
		ADDED from AndroidManifest.xml:8:9
	tools:overrideLibrary
		ADDED from it.neokree:MaterialNavigationDrawer:1.3.2:11:9
uses-permission#android.permission.ACCESS_NETWORK_STATE
ADDED from AndroidManifest.xml:11:5
	android:name
		ADDED from AndroidManifest.xml:11:22
uses-permission#android.permission.INTERNET
ADDED from AndroidManifest.xml:12:5
	android:name
		ADDED from AndroidManifest.xml:12:22
uses-permission#android.permission.WRITE_EXTERNAL_STORAGE
ADDED from AndroidManifest.xml:13:5
	android:name
		ADDED from AndroidManifest.xml:13:22
uses-permission#android.permission.MANAGE_DOCUMENTS
ADDED from AndroidManifest.xml:14:5
	android:name
		ADDED from AndroidManifest.xml:14:22
uses-permission#android.permission.ACCESS_DOWNLOAD_MANAGER
ADDED from AndroidManifest.xml:15:5
	android:name
		ADDED from AndroidManifest.xml:15:22
uses-permission#android.permission.DOWNLOAD_WITHOUT_NOTIFICATION
ADDED from AndroidManifest.xml:16:5
	android:name
		ADDED from AndroidManifest.xml:16:22
uses-permission#android.permission.CAMERA
ADDED from AndroidManifest.xml:17:5
	android:name
		ADDED from AndroidManifest.xml:17:22
uses-permission#android.permission.READ_PHONE_STATE
ADDED from AndroidManifest.xml:20:5
	android:name
		ADDED from AndroidManifest.xml:20:22
uses-permission#android.permission.WAKE_LOCK
ADDED from AndroidManifest.xml:21:5
	android:name
		ADDED from AndroidManifest.xml:21:22
uses-permission#android.permission.WRITE_SETTINGS
ADDED from AndroidManifest.xml:22:5
	android:name
		ADDED from AndroidManifest.xml:22:22
uses-permission#android.permission.ACCESS_WIFI_STATE
ADDED from AndroidManifest.xml:23:5
	android:name
		ADDED from AndroidManifest.xml:23:22
uses-permission#android.permission.RECEIVE_BOOT_COMPLETED
ADDED from AndroidManifest.xml:24:5
	android:name
		ADDED from AndroidManifest.xml:24:22
uses-permission#android.permission.RESTART_PACKAGES
ADDED from AndroidManifest.xml:25:5
	android:name
		ADDED from AndroidManifest.xml:25:22
uses-permission#android.permission.BROADCAST_STICKY
ADDED from AndroidManifest.xml:26:5
	android:name
		ADDED from AndroidManifest.xml:26:22
uses-permission#android.permission.RECEIVE_USER_PRESENT
ADDED from AndroidManifest.xml:27:5
	android:name
		ADDED from AndroidManifest.xml:27:22
uses-permission#android.permission.KILL_BACKGROUND_PROCESSES
ADDED from AndroidManifest.xml:28:5
	android:name
		ADDED from AndroidManifest.xml:28:22
uses-permission#android.permission.GET_TASKS
ADDED from AndroidManifest.xml:29:5
	android:name
		ADDED from AndroidManifest.xml:29:22
uses-permission#android.permission.READ_LOGS
ADDED from AndroidManifest.xml:30:5
	android:name
		ADDED from AndroidManifest.xml:30:22
uses-permission#android.permission.VIBRATE
ADDED from AndroidManifest.xml:31:5
	android:name
		ADDED from AndroidManifest.xml:31:22
uses-permission#android.permission.GET_ACCOUNTS
ADDED from AndroidManifest.xml:34:5
	android:name
		ADDED from AndroidManifest.xml:34:22
uses-permission#android.permission.USE_CREDENTIALS
ADDED from AndroidManifest.xml:35:5
	android:name
		ADDED from AndroidManifest.xml:35:22
uses-permission#android.permission.MANAGE_ACCOUNTS
ADDED from AndroidManifest.xml:36:5
	android:name
		ADDED from AndroidManifest.xml:36:22
uses-permission#android.permission.AUTHENTICATE_ACCOUNTS
ADDED from AndroidManifest.xml:37:5
	android:name
		ADDED from AndroidManifest.xml:37:22
uses-permission#com.android.launcher.permission.READ_SETTINGS
ADDED from AndroidManifest.xml:40:5
	android:name
		ADDED from AndroidManifest.xml:40:22
uses-permission#android.permission.CHANGE_WIFI_STATE
ADDED from AndroidManifest.xml:41:5
	android:name
		ADDED from AndroidManifest.xml:41:22
uses-permission#android.permission.ACCESS_COARSE_LOCATION
ADDED from AndroidManifest.xml:49:5
	android:name
		ADDED from AndroidManifest.xml:49:22
uses-permission#android.permission.ACCESS_FINE_LOCATION
ADDED from AndroidManifest.xml:50:5
	android:name
		ADDED from AndroidManifest.xml:50:22
uses-permission#android.permission.MOUNT_UNMOUNT_FILESYSTEMS
ADDED from AndroidManifest.xml:57:5
	android:name
		ADDED from AndroidManifest.xml:57:22
application
ADDED from AndroidManifest.xml:60:5
MERGED from com.android.support:support-v4:21.0.3:16:5
MERGED from com.android.support:appcompat-v7:21.0.3:16:5
MERGED from com.android.support:support-v4:21.0.3:16:5
MERGED from com.astuetz:pagerslidingtabstrip:1.0.1:4:5
MERGED from com.android.support:support-v4:21.0.3:16:5
MERGED from de.hdodenhof:circleimageview:1.2.0:9:5
MERGED from com.android.support:support-v4:21.0.3:16:5
MERGED from com.melnykov:floatingactionbutton:1.1.0:12:5
MERGED from com.android.support:recyclerview-v7:21.0.0:17:5
MERGED from com.android.support:support-v4:21.0.3:16:5
MERGED from com.github.chrisbanes.photoview:library:1.2.3:4:5
MERGED from com.android.support:support-v4:21.0.3:16:5
MERGED from com.android.support:support-v13:21.0.3:16:5
MERGED from com.android.support:support-v4:21.0.3:16:5
MERGED from com.ms-square:etsyblur:0.1.0:9:5
MERGED from com.android.support:appcompat-v7:21.0.3:16:5
MERGED from com.android.support:support-v4:21.0.3:16:5
MERGED from com.android.support:cardview-v7:22.0.0:22:5
MERGED from it.neokree:MaterialNavigationDrawer:1.3.2:14:5
MERGED from com.balysv:material-ripple:1.0.1:12:5
MERGED from com.android.support:appcompat-v7:21.0.3:16:5
MERGED from com.android.support:support-v4:21.0.3:16:5
	android:label
		ADDED from AndroidManifest.xml:64:9
	android:allowBackup
		ADDED from AndroidManifest.xml:62:9
	android:icon
		ADDED from AndroidManifest.xml:63:9
	android:hardwareAccelerated
		ADDED from com.github.chrisbanes.photoview:library:1.2.3:4:45
	android:theme
		ADDED from AndroidManifest.xml:65:9
	android:name
		ADDED from AndroidManifest.xml:61:9
meta-data#com.baidu.lbsapi.API_KEY
ADDED from AndroidManifest.xml:67:9
	android:name
		ADDED from AndroidManifest.xml:68:13
	android:value
		ADDED from AndroidManifest.xml:69:13
meta-data#XG_V2_ACCESS_ID
ADDED from AndroidManifest.xml:70:9
	android:name
		ADDED from AndroidManifest.xml:71:13
	android:value
		ADDED from AndroidManifest.xml:72:13
meta-data#XG_V2_ACCESS_KEY
ADDED from AndroidManifest.xml:73:9
	android:name
		ADDED from AndroidManifest.xml:74:13
	android:value
		ADDED from AndroidManifest.xml:75:13
meta-data#UMENG_APPKEY
ADDED from AndroidManifest.xml:77:9
	android:name
		ADDED from AndroidManifest.xml:78:13
	android:value
		ADDED from AndroidManifest.xml:79:13
receiver#com.tencent.android.tpush.XGPushReceiver
ADDED from AndroidManifest.xml:82:9
	android:process
		ADDED from AndroidManifest.xml:84:13
	android:name
		ADDED from AndroidManifest.xml:83:13
intent-filter#android.bluetooth.adapter.action.STATE_CHANGED+android.intent.action.ACTION_POWER_CONNECTED+android.intent.action.ACTION_POWER_DISCONNECTED+android.intent.action.USER_PRESENT+android.net.conn.CONNECTIVITY_CHANGE+com.tencent.android.tpush.action.INTERNAL_PUSH_MESSAGE+com.tencent.android.tpush.action.SDK
ADDED from AndroidManifest.xml:85:13
	android:priority
		ADDED from AndroidManifest.xml:85:28
action#com.tencent.android.tpush.action.SDK
ADDED from AndroidManifest.xml:88:17
	android:name
		ADDED from AndroidManifest.xml:88:25
action#com.tencent.android.tpush.action.INTERNAL_PUSH_MESSAGE
ADDED from AndroidManifest.xml:89:17
	android:name
		ADDED from AndroidManifest.xml:89:25
action#android.intent.action.USER_PRESENT
ADDED from AndroidManifest.xml:91:17
	android:name
		ADDED from AndroidManifest.xml:91:25
action#android.net.conn.CONNECTIVITY_CHANGE
ADDED from AndroidManifest.xml:92:17
	android:name
		ADDED from AndroidManifest.xml:92:25
action#android.bluetooth.adapter.action.STATE_CHANGED
ADDED from AndroidManifest.xml:95:17
	android:name
		ADDED from AndroidManifest.xml:95:25
action#android.intent.action.ACTION_POWER_CONNECTED
ADDED from AndroidManifest.xml:96:17
	android:name
		ADDED from AndroidManifest.xml:96:25
action#android.intent.action.ACTION_POWER_DISCONNECTED
ADDED from AndroidManifest.xml:97:17
	android:name
		ADDED from AndroidManifest.xml:97:25
activity#com.tencent.android.tpush.XGPushActivity
ADDED from AndroidManifest.xml:103:9
	android:exported
		ADDED from AndroidManifest.xml:105:13
	android:name
		ADDED from AndroidManifest.xml:104:13
intent-filter#android.intent.action
ADDED from AndroidManifest.xml:106:13
action#android.intent.action
ADDED from AndroidManifest.xml:107:17
	android:name
		ADDED from AndroidManifest.xml:107:25
service#com.tencent.android.tpush.service.XGPushService
ADDED from AndroidManifest.xml:112:9
	android:process
		ADDED from AndroidManifest.xml:116:13
	android:exported
		ADDED from AndroidManifest.xml:114:13
	android:persistent
		ADDED from AndroidManifest.xml:115:13
	android:name
		ADDED from AndroidManifest.xml:113:13
service#com.baidu.location.f
ADDED from AndroidManifest.xml:117:9
	android:process
		ADDED from AndroidManifest.xml:120:13
	android:enabled
		ADDED from AndroidManifest.xml:119:13
	android:name
		ADDED from AndroidManifest.xml:118:13
receiver#net.coding.program.maopaoex.common.PushReceiver
ADDED from AndroidManifest.xml:122:9
	android:name
		ADDED from AndroidManifest.xml:122:19
intent-filter#com.tencent.android.tpush.action.FEEDBACK+com.tencent.android.tpush.action.PUSH_MESSAGE
ADDED from AndroidManifest.xml:123:13
action#com.tencent.android.tpush.action.PUSH_MESSAGE
ADDED from AndroidManifest.xml:126:17
	android:name
		ADDED from AndroidManifest.xml:126:25
action#com.tencent.android.tpush.action.FEEDBACK
ADDED from AndroidManifest.xml:128:17
	android:name
		ADDED from AndroidManifest.xml:128:25
service#com.tencent.android.tpush.rpc.XGRemoteService
ADDED from AndroidManifest.xml:133:9
	android:exported
		ADDED from AndroidManifest.xml:135:13
	android:name
		ADDED from AndroidManifest.xml:134:13
intent-filter#net.coding.program.PUSH_ACTION
ADDED from AndroidManifest.xml:136:13
action#net.coding.program.PUSH_ACTION
ADDED from AndroidManifest.xml:137:17
	android:name
		ADDED from AndroidManifest.xml:137:25
meta-data#UMENG_CHANNEL
ADDED from AndroidManifest.xml:141:9
	android:name
		ADDED from AndroidManifest.xml:142:13
	android:value
		ADDED from AndroidManifest.xml:143:13
activity#net.coding.program.maopaoex.common.photopick.PhotoPickActivity
ADDED from AndroidManifest.xml:145:9
	android:screenOrientation
		ADDED from AndroidManifest.xml:148:13
	android:label
		ADDED from AndroidManifest.xml:147:13
	android:theme
		ADDED from AndroidManifest.xml:149:13
	android:name
		ADDED from AndroidManifest.xml:146:13
activity#net.coding.program.MainActivity_
ADDED from AndroidManifest.xml:150:9
	android:screenOrientation
		ADDED from AndroidManifest.xml:154:13
	android:label
		ADDED from AndroidManifest.xml:152:13
	android:theme
		ADDED from AndroidManifest.xml:155:13
	android:name
		ADDED from AndroidManifest.xml:151:13
	android:launchMode
		ADDED from AndroidManifest.xml:153:13
activity#net.coding.program.LoginActivity_
ADDED from AndroidManifest.xml:156:9
	android:screenOrientation
		ADDED from AndroidManifest.xml:161:13
	android:label
		ADDED from AndroidManifest.xml:159:13
	android:icon
		ADDED from AndroidManifest.xml:158:13
	android:theme
		ADDED from AndroidManifest.xml:162:13
	android:name
		ADDED from AndroidManifest.xml:157:13
	android:launchMode
		ADDED from AndroidManifest.xml:160:13
activity#net.coding.program.project.detail.ProjectActivity_
ADDED from AndroidManifest.xml:163:9
	android:screenOrientation
		ADDED from AndroidManifest.xml:167:13
	android:label
		ADDED from AndroidManifest.xml:166:13
	android:icon
		ADDED from AndroidManifest.xml:165:13
	android:name
		ADDED from AndroidManifest.xml:164:13
intent-filter#android.intent.action.VIEW+android.intent.category.BROWSABLE+android.intent.category.DEFAULT
ADDED from AndroidManifest.xml:168:13
data
ADDED from AndroidManifest.xml:169:17
	android:host
		ADDED from AndroidManifest.xml:170:21
	android:scheme
		ADDED from AndroidManifest.xml:171:21
action#android.intent.action.VIEW
ADDED from AndroidManifest.xml:173:17
	android:name
		ADDED from AndroidManifest.xml:173:25
category#android.intent.category.DEFAULT
ADDED from AndroidManifest.xml:175:17
	android:name
		ADDED from AndroidManifest.xml:175:27
category#android.intent.category.BROWSABLE
ADDED from AndroidManifest.xml:176:17
	android:name
		ADDED from AndroidManifest.xml:176:27
activity#net.coding.program.EntranceActivity_
ADDED from AndroidManifest.xml:179:9
	android:screenOrientation
		ADDED from AndroidManifest.xml:182:13
	android:icon
		ADDED from AndroidManifest.xml:181:13
	android:theme
		ADDED from AndroidManifest.xml:183:13
	android:name
		ADDED from AndroidManifest.xml:180:13
intent-filter#android.intent.action.MAIN+android.intent.category.LAUNCHER
ADDED from AndroidManifest.xml:184:13
action#android.intent.action.MAIN
ADDED from AndroidManifest.xml:185:17
	android:name
		ADDED from AndroidManifest.xml:185:25
category#android.intent.category.LAUNCHER
ADDED from AndroidManifest.xml:187:17
	android:name
		ADDED from AndroidManifest.xml:187:27
activity#net.coding.program.task.TaskAddActivity_
ADDED from AndroidManifest.xml:190:9
	android:windowSoftInputMode
		ADDED from AndroidManifest.xml:195:13
	android:screenOrientation
		ADDED from AndroidManifest.xml:194:13
	android:label
		ADDED from AndroidManifest.xml:193:13
	android:icon
		ADDED from AndroidManifest.xml:192:13
	android:name
		ADDED from AndroidManifest.xml:191:13
activity#net.coding.program.project.detail.MembersActivity_
ADDED from AndroidManifest.xml:196:9
	android:screenOrientation
		ADDED from AndroidManifest.xml:200:13
	android:label
		ADDED from AndroidManifest.xml:199:13
	android:icon
		ADDED from AndroidManifest.xml:198:13
	android:name
		ADDED from AndroidManifest.xml:197:13
activity#net.coding.program.project.detail.AttachmentsActivity_
ADDED from AndroidManifest.xml:201:9
	android:screenOrientation
		ADDED from AndroidManifest.xml:205:13
	android:label
		ADDED from AndroidManifest.xml:204:13
	android:icon
		ADDED from AndroidManifest.xml:203:13
	android:name
		ADDED from AndroidManifest.xml:202:13
activity#net.coding.program.project.detail.AttachmentsPicDetailActivity_
ADDED from AndroidManifest.xml:206:9
	android:screenOrientation
		ADDED from AndroidManifest.xml:210:13
	android:label
		ADDED from AndroidManifest.xml:209:13
	android:icon
		ADDED from AndroidManifest.xml:208:13
	android:name
		ADDED from AndroidManifest.xml:207:13
activity#net.coding.program.project.detail.AttachmentsHtmlDetailActivity_
ADDED from AndroidManifest.xml:211:9
	android:screenOrientation
		ADDED from AndroidManifest.xml:215:13
	android:label
		ADDED from AndroidManifest.xml:214:13
	android:icon
		ADDED from AndroidManifest.xml:213:13
	android:name
		ADDED from AndroidManifest.xml:212:13
activity#net.coding.program.project.detail.AttachmentsTextDetailActivity_
ADDED from AndroidManifest.xml:216:9
	android:screenOrientation
		ADDED from AndroidManifest.xml:220:13
	android:label
		ADDED from AndroidManifest.xml:219:13
	android:icon
		ADDED from AndroidManifest.xml:218:13
	android:name
		ADDED from AndroidManifest.xml:217:13
activity#net.coding.program.project.detail.AttachmentsDownloadDetailActivity_
ADDED from AndroidManifest.xml:221:9
	android:screenOrientation
		ADDED from AndroidManifest.xml:225:13
	android:label
		ADDED from AndroidManifest.xml:224:13
	android:icon
		ADDED from AndroidManifest.xml:223:13
	android:name
		ADDED from AndroidManifest.xml:222:13
activity#net.coding.program.project.detail.AttachmentsFolderSelectorActivity_
ADDED from AndroidManifest.xml:226:9
	android:screenOrientation
		ADDED from AndroidManifest.xml:230:13
	android:label
		ADDED from AndroidManifest.xml:229:13
	android:icon
		ADDED from AndroidManifest.xml:228:13
	android:name
		ADDED from AndroidManifest.xml:227:13
activity#net.coding.program.UserDetailEditActivity_
ADDED from AndroidManifest.xml:231:9
	android:screenOrientation
		ADDED from AndroidManifest.xml:235:13
	android:label
		ADDED from AndroidManifest.xml:234:13
	android:icon
		ADDED from AndroidManifest.xml:233:13
	android:name
		ADDED from AndroidManifest.xml:232:13
activity#net.coding.program.maopaoex.user.SetUserInfoActivity_
ADDED from AndroidManifest.xml:236:9
	android:windowSoftInputMode
		ADDED from AndroidManifest.xml:241:13
	android:screenOrientation
		ADDED from AndroidManifest.xml:240:13
	android:label
		ADDED from AndroidManifest.xml:239:13
	android:icon
		ADDED from AndroidManifest.xml:238:13
	android:name
		ADDED from AndroidManifest.xml:237:13
activity#net.coding.program.maopaoex.user.SetUserTagActivity_
ADDED from AndroidManifest.xml:242:9
	android:screenOrientation
		ADDED from AndroidManifest.xml:246:13
	android:label
		ADDED from AndroidManifest.xml:245:13
	android:icon
		ADDED from AndroidManifest.xml:244:13
	android:name
		ADDED from AndroidManifest.xml:243:13
activity#net.coding.program.setting.SetPasswordActivity_
ADDED from AndroidManifest.xml:247:9
	android:screenOrientation
		ADDED from AndroidManifest.xml:251:13
	android:label
		ADDED from AndroidManifest.xml:250:13
	android:icon
		ADDED from AndroidManifest.xml:249:13
	android:name
		ADDED from AndroidManifest.xml:248:13
activity#net.coding.program.setting.FeedbackActivity_
ADDED from AndroidManifest.xml:252:9
	android:windowSoftInputMode
		ADDED from AndroidManifest.xml:257:13
	android:screenOrientation
		ADDED from AndroidManifest.xml:256:13
	android:label
		ADDED from AndroidManifest.xml:255:13
	android:icon
		ADDED from AndroidManifest.xml:254:13
	android:name
		ADDED from AndroidManifest.xml:253:13
activity#net.coding.program.setting.AboutActivity_
ADDED from AndroidManifest.xml:258:9
	android:screenOrientation
		ADDED from AndroidManifest.xml:262:13
	android:label
		ADDED from AndroidManifest.xml:261:13
	android:icon
		ADDED from AndroidManifest.xml:260:13
	android:name
		ADDED from AndroidManifest.xml:259:13
activity#net.coding.program.project.detail.TopicListDetailActivity_
ADDED from AndroidManifest.xml:263:9
	android:windowSoftInputMode
		ADDED from AndroidManifest.xml:268:13
	android:screenOrientation
		ADDED from AndroidManifest.xml:267:13
	android:label
		ADDED from AndroidManifest.xml:266:13
	android:icon
		ADDED from AndroidManifest.xml:265:13
	android:name
		ADDED from AndroidManifest.xml:264:13
activity#net.coding.program.project.detail.TopicAddActivity_
ADDED from AndroidManifest.xml:280:9
	android:windowSoftInputMode
		ADDED from AndroidManifest.xml:285:13
	android:screenOrientation
		ADDED from AndroidManifest.xml:284:13
	android:label
		ADDED from AndroidManifest.xml:283:13
	android:icon
		ADDED from AndroidManifest.xml:282:13
	android:name
		ADDED from AndroidManifest.xml:281:13
activity#net.coding.program.maopaoex.maopao.MaopaoAddActivity_
ADDED from AndroidManifest.xml:286:9
	android:windowSoftInputMode
		ADDED from AndroidManifest.xml:291:13
	android:screenOrientation
		ADDED from AndroidManifest.xml:290:13
	android:label
		ADDED from AndroidManifest.xml:289:13
	android:icon
		ADDED from AndroidManifest.xml:288:13
	android:name
		ADDED from AndroidManifest.xml:287:13
intent-filter#android.intent.action.SEND+android.intent.category.DEFAULT
ADDED from AndroidManifest.xml:292:13
action#android.intent.action.SEND
ADDED from AndroidManifest.xml:293:17
	android:name
		ADDED from AndroidManifest.xml:293:25
intent-filter#android.intent.action.SEND_MULTIPLE+android.intent.category.DEFAULT
ADDED from AndroidManifest.xml:306:13
action#android.intent.action.SEND_MULTIPLE
ADDED from AndroidManifest.xml:307:17
	android:name
		ADDED from AndroidManifest.xml:307:25
activity#net.coding.program.maopaoex.maopao.LocationSearchActivity_
ADDED from AndroidManifest.xml:314:9
	android:windowSoftInputMode
		ADDED from AndroidManifest.xml:319:13
	android:screenOrientation
		ADDED from AndroidManifest.xml:318:13
	android:label
		ADDED from AndroidManifest.xml:317:13
	android:icon
		ADDED from AndroidManifest.xml:316:13
	android:name
		ADDED from AndroidManifest.xml:315:13
activity#net.coding.program.maopaoex.maopao.LocationEditActivity_
ADDED from AndroidManifest.xml:320:9
	android:windowSoftInputMode
		ADDED from AndroidManifest.xml:325:13
	android:screenOrientation
		ADDED from AndroidManifest.xml:324:13
	android:label
		ADDED from AndroidManifest.xml:323:13
	android:icon
		ADDED from AndroidManifest.xml:322:13
	android:name
		ADDED from AndroidManifest.xml:321:13
activity#net.coding.program.maopaoex.maopao.LocationDetailActivity_
ADDED from AndroidManifest.xml:326:9
	android:windowSoftInputMode
		ADDED from AndroidManifest.xml:331:13
	android:screenOrientation
		ADDED from AndroidManifest.xml:330:13
	android:label
		ADDED from AndroidManifest.xml:329:13
	android:icon
		ADDED from AndroidManifest.xml:328:13
	android:name
		ADDED from AndroidManifest.xml:327:13
activity#net.coding.program.maopaoex.maopao.LocationMapActivity_
ADDED from AndroidManifest.xml:332:9
	android:windowSoftInputMode
		ADDED from AndroidManifest.xml:337:13
	android:screenOrientation
		ADDED from AndroidManifest.xml:336:13
	android:label
		ADDED from AndroidManifest.xml:335:13
	android:icon
		ADDED from AndroidManifest.xml:334:13
	android:name
		ADDED from AndroidManifest.xml:333:13
activity#net.coding.program.maopaoex.user.UsersListActivity_
ADDED from AndroidManifest.xml:338:9
	android:screenOrientation
		ADDED from AndroidManifest.xml:342:13
	android:label
		ADDED from AndroidManifest.xml:341:13
	android:icon
		ADDED from AndroidManifest.xml:340:13
	android:name
		ADDED from AndroidManifest.xml:339:13
activity#net.coding.program.maopaoex.user.AddFollowActivity_
ADDED from AndroidManifest.xml:343:9
	android:screenOrientation
		ADDED from AndroidManifest.xml:347:13
	android:label
		ADDED from AndroidManifest.xml:346:13
	android:icon
		ADDED from AndroidManifest.xml:345:13
	android:name
		ADDED from AndroidManifest.xml:344:13
activity#net.coding.program.maopaoex.user.UserDetailActivity_
ADDED from AndroidManifest.xml:348:9
	android:screenOrientation
		ADDED from AndroidManifest.xml:352:13
	android:label
		ADDED from AndroidManifest.xml:351:13
	android:icon
		ADDED from AndroidManifest.xml:350:13
	android:theme
		ADDED from AndroidManifest.xml:353:13
	android:name
		ADDED from AndroidManifest.xml:349:13
activity#net.coding.program.maopaoex.message.MessageListActivity_
ADDED from AndroidManifest.xml:365:9
	android:windowSoftInputMode
		ADDED from AndroidManifest.xml:370:13
	android:screenOrientation
		ADDED from AndroidManifest.xml:369:13
	android:label
		ADDED from AndroidManifest.xml:368:13
	android:icon
		ADDED from AndroidManifest.xml:367:13
	android:name
		ADDED from AndroidManifest.xml:366:13
activity#net.coding.program.ImagePagerActivity_
ADDED from AndroidManifest.xml:371:9
	android:screenOrientation
		ADDED from AndroidManifest.xml:375:13
	android:label
		ADDED from AndroidManifest.xml:374:13
	android:icon
		ADDED from AndroidManifest.xml:373:13
	android:name
		ADDED from AndroidManifest.xml:372:13
activity#net.coding.program.maopaoex.message.NotifyListActivity_
ADDED from AndroidManifest.xml:376:9
	android:screenOrientation
		ADDED from AndroidManifest.xml:380:13
	android:label
		ADDED from AndroidManifest.xml:379:13
	android:icon
		ADDED from AndroidManifest.xml:378:13
	android:name
		ADDED from AndroidManifest.xml:377:13
activity#net.coding.program.maopaoex.maopao.LikeUsersListActivity_
ADDED from AndroidManifest.xml:381:9
	android:screenOrientation
		ADDED from AndroidManifest.xml:385:13
	android:label
		ADDED from AndroidManifest.xml:384:13
	android:icon
		ADDED from AndroidManifest.xml:383:13
	android:name
		ADDED from AndroidManifest.xml:382:13
activity#net.coding.program.maopaoex.maopao.MaopaoDetailActivity_
ADDED from AndroidManifest.xml:386:9
	android:windowSoftInputMode
		ADDED from AndroidManifest.xml:391:13
	android:screenOrientation
		ADDED from AndroidManifest.xml:390:13
	android:label
		ADDED from AndroidManifest.xml:389:13
	android:icon
		ADDED from AndroidManifest.xml:388:13
	android:name
		ADDED from AndroidManifest.xml:387:13
activity#net.coding.program.maopaoex.user.UserMaopaoActivity
ADDED from AndroidManifest.xml:392:9
	android:screenOrientation
		ADDED from AndroidManifest.xml:396:13
	android:label
		ADDED from AndroidManifest.xml:395:13
	android:icon
		ADDED from AndroidManifest.xml:394:13
	android:name
		ADDED from AndroidManifest.xml:393:13
activity#net.coding.program.maopaoex.third.PickerImagesActivity
ADDED from AndroidManifest.xml:397:9
	android:screenOrientation
		ADDED from AndroidManifest.xml:401:13
	android:label
		ADDED from AndroidManifest.xml:400:13
	android:icon
		ADDED from AndroidManifest.xml:399:13
	android:name
		ADDED from AndroidManifest.xml:398:13
activity#net.coding.program.project.detail.UserDynamicActivity_
ADDED from AndroidManifest.xml:402:9
	android:screenOrientation
		ADDED from AndroidManifest.xml:406:13
	android:label
		ADDED from AndroidManifest.xml:405:13
	android:icon
		ADDED from AndroidManifest.xml:404:13
	android:name
		ADDED from AndroidManifest.xml:403:13
activity#net.coding.program.maopaoex.common.photopick.PhotoPickDetailActivity
ADDED from AndroidManifest.xml:407:9
	android:label
		ADDED from AndroidManifest.xml:409:13
	android:name
		ADDED from AndroidManifest.xml:408:13
activity#net.coding.program.project.detail.GitTreeActivity_
ADDED from AndroidManifest.xml:410:9
	android:screenOrientation
		ADDED from AndroidManifest.xml:414:13
	android:label
		ADDED from AndroidManifest.xml:413:13
	android:icon
		ADDED from AndroidManifest.xml:412:13
	android:name
		ADDED from AndroidManifest.xml:411:13
activity#net.coding.program.project.detail.GitViewActivity_
ADDED from AndroidManifest.xml:415:9
	android:screenOrientation
		ADDED from AndroidManifest.xml:419:13
	android:label
		ADDED from AndroidManifest.xml:418:13
	android:icon
		ADDED from AndroidManifest.xml:417:13
	android:name
		ADDED from AndroidManifest.xml:416:13
activity#net.coding.program.setting.NotifySetting_
ADDED from AndroidManifest.xml:420:9
	android:screenOrientation
		ADDED from AndroidManifest.xml:424:13
	android:label
		ADDED from AndroidManifest.xml:423:13
	android:icon
		ADDED from AndroidManifest.xml:422:13
	android:name
		ADDED from AndroidManifest.xml:421:13
activity#net.coding.program.project.detail.MembersSelectActivity_
ADDED from AndroidManifest.xml:425:9
	android:screenOrientation
		ADDED from AndroidManifest.xml:429:13
	android:label
		ADDED from AndroidManifest.xml:428:13
	android:icon
		ADDED from AndroidManifest.xml:427:13
	android:name
		ADDED from AndroidManifest.xml:426:13
activity#net.coding.program.project.detail.AttachmentsDetailBaseActivity_
ADDED from AndroidManifest.xml:430:9
	android:screenOrientation
		ADDED from AndroidManifest.xml:434:13
	android:label
		ADDED from AndroidManifest.xml:433:13
	android:icon
		ADDED from AndroidManifest.xml:432:13
	android:name
		ADDED from AndroidManifest.xml:431:13
activity#net.coding.program.task.TaskDescriptionActivity_
ADDED from AndroidManifest.xml:435:9
	android:windowSoftInputMode
		ADDED from AndroidManifest.xml:440:13
	android:screenOrientation
		ADDED from AndroidManifest.xml:439:13
	android:label
		ADDED from AndroidManifest.xml:438:13
	android:icon
		ADDED from AndroidManifest.xml:437:13
	android:name
		ADDED from AndroidManifest.xml:436:13
activity#net.coding.program.setting.AccountSetting_
ADDED from AndroidManifest.xml:441:9
	android:screenOrientation
		ADDED from AndroidManifest.xml:445:13
	android:label
		ADDED from AndroidManifest.xml:444:13
	android:icon
		ADDED from AndroidManifest.xml:443:13
	android:name
		ADDED from AndroidManifest.xml:442:13
activity#net.coding.program.WebActivity_
ADDED from AndroidManifest.xml:446:9
	android:screenOrientation
		ADDED from AndroidManifest.xml:450:13
	android:label
		ADDED from AndroidManifest.xml:449:13
	android:icon
		ADDED from AndroidManifest.xml:448:13
	android:theme
		ADDED from AndroidManifest.xml:451:13
	android:name